# JRE version: OpenJDK Runtime Environment (8.0_202-b03) (build 1.8.0_202-release-1483-b03)
# Java VM: OpenJDK 64-Bit Server VM (25.202-b03 mixed mode windows-amd64 compressed oops)
Heap:
 PSYoungGen      total 443904K, used 245565K [0x00000000e0000000, 0x0000000100000000, 0x0000000100000000)
  eden space 393216K, 49% used [0x00000000e0000000,0x00000000ebec0e30,0x00000000f8000000)
  from space 50688K, 99% used [0x00000000f8000000,0x00000000fb10e950,0x00000000fb180000)
  to   space 70144K, 0% used [0x00000000fbb80000,0x00000000fbb80000,0x0000000100000000)
 ParOldGen       total 331776K, used 207800K [0x00000000a0000000, 0x00000000b4400000, 0x00000000e0000000)
  object space 331776K, 62% used [0x00000000a0000000,0x00000000acaee238,0x00000000b4400000)
 Metaspace       used 155629K, capacity 163238K, committed 164800K, reserved 1191936K
  class space    used 19577K, capacity 21213K, committed 21760K, reserved 1048576K
GC Heap History (10 events):
Event: 6513.519 GC heap before
{Heap before GC invocations=38 (full 5):
 PSYoungGen      total 448000K, used 447973K [0x00000000e0000000, 0x0000000100000000, 0x0000000100000000)
  eden space 397312K, 100% used [0x00000000e0000000,0x00000000f8400000,0x00000000f8400000)
  from space 50688K, 99% used [0x00000000fce80000,0x00000000ffff9590,0x0000000100000000)
  to   space 63488K, 0% used [0x00000000f8400000,0x00000000f8400000,0x00000000fc200000)
 ParOldGen       total 331776K, used 164521K [0x00000000a0000000, 0x00000000b4400000, 0x00000000e0000000)
  object space 331776K, 49% used [0x00000000a0000000,0x00000000aa0aa430,0x00000000b4400000)
 Metaspace       used 144951K, capacity 151354K, committed 163776K, reserved 1191936K
  class space    used 18151K, capacity 19631K, committed 21504K, reserved 1048576K
Event: 6513.566 GC heap after
Heap after GC invocations=38 (full 5):
 PSYoungGen      total 460800K, used 25783K [0x00000000e0000000, 0x0000000100000000, 0x0000000100000000)
  eden space 397312K, 0% used [0x00000000e0000000,0x00000000e0000000,0x00000000f8400000)
  from space 63488K, 40% used [0x00000000f8400000,0x00000000f9d2df50,0x00000000fc200000)
  to   space 60416K, 0% used [0x00000000fc500000,0x00000000fc500000,0x0000000100000000)
 ParOldGen       total 331776K, used 186601K [0x00000000a0000000, 0x00000000b4400000, 0x00000000e0000000)
  object space 331776K, 56% used [0x00000000a0000000,0x00000000ab63a658,0x00000000b4400000)
 Metaspace       used 144951K, capacity 151354K, committed 163776K, reserved 1191936K
  class space    used 18151K, capacity 19631K, committed 21504K, reserved 1048576K
}
Event: 6517.741 GC heap before
{Heap before GC invocations=39 (full 5):
 PSYoungGen      total 460800K, used 423095K [0x00000000e0000000, 0x0000000100000000, 0x0000000100000000)
  eden space 397312K, 100% used [0x00000000e0000000,0x00000000f8400000,0x00000000f8400000)
  from space 63488K, 40% used [0x00000000f8400000,0x00000000f9d2df50,0x00000000fc200000)
  to   space 60416K, 0% used [0x00000000fc500000,0x00000000fc500000,0x0000000100000000)
 ParOldGen       total 331776K, used 186601K [0x00000000a0000000, 0x00000000b4400000, 0x00000000e0000000)
  object space 331776K, 56% used [0x00000000a0000000,0x00000000ab63a658,0x00000000b4400000)
 Metaspace       used 151022K, capacity 158020K, committed 163776K, reserved 1191936K
  class space    used 18932K, capacity 20506K, committed 21504K, reserved 1048576K
Event: 6517.778 GC heap after
Heap after GC invocations=39 (full 5):
 PSYoungGen      total 457728K, used 8218K [0x00000000e0000000, 0x00000000ffd00000, 0x0000000100000000)
  eden space 400384K, 0% used [0x00000000e0000000,0x00000000e0000000,0x00000000f8700000)
  from space 57344K, 14% used [0x00000000fc500000,0x00000000fcd06b98,0x00000000ffd00000)
  to   space 60416K, 0% used [0x00000000f8700000,0x00000000f8700000,0x00000000fc200000)
 ParOldGen       total 331776K, used 205864K [0x00000000a0000000, 0x00000000b4400000, 0x00000000e0000000)
  object space 331776K, 62% used [0x00000000a0000000,0x00000000ac90a1f8,0x00000000b4400000)
 Metaspace       used 151022K, capacity 158020K, committed 163776K, reserved 1191936K
  class space    used 18932K, capacity 20506K, committed 21504K, reserved 1048576K
}
Event: 6795.520 GC heap before
{Heap before GC invocations=40 (full 5):
 PSYoungGen      total 457728K, used 408602K [0x00000000e0000000, 0x00000000ffd00000, 0x0000000100000000)
  eden space 400384K, 100% used [0x00000000e0000000,0x00000000f8700000,0x00000000f8700000)
  from space 57344K, 14% used [0x00000000fc500000,0x00000000fcd06b98,0x00000000ffd00000)
  to   space 60416K, 0% used [0x00000000f8700000,0x00000000f8700000,0x00000000fc200000)
 ParOldGen       total 331776K, used 205864K [0x00000000a0000000, 0x00000000b4400000, 0x00000000e0000000)
  object space 331776K, 62% used [0x00000000a0000000,0x00000000ac90a1f8,0x00000000b4400000)
 Metaspace       used 155147K, capacity 162634K, committed 164416K, reserved 1191936K
  class space    used 19548K, capacity 21165K, committed 21632K, reserved 1048576K
Event: 6795.824 GC heap after
Heap after GC invocations=40 (full 5):
 PSYoungGen      total 460800K, used 12782K [0x00000000e0000000, 0x0000000100000000, 0x0000000100000000)
  eden space 400384K, 0% used [0x00000000e0000000,0x00000000e0000000,0x00000000f8700000)
  from space 60416K, 21% used [0x00000000f8700000,0x00000000f937b970,0x00000000fc200000)
  to   space 59392K, 0% used [0x00000000fc600000,0x00000000fc600000,0x0000000100000000)
 ParOldGen       total 331776K, used 207784K [0x00000000a0000000, 0x00000000b4400000, 0x00000000e0000000)
  object space 331776K, 62% used [0x00000000a0000000,0x00000000acaea238,0x00000000b4400000)
 Metaspace       used 155147K, capacity 162634K, committed 164416K, reserved 1191936K
  class space    used 19548K, capacity 21165K, committed 21632K, reserved 1048576K
}
Event: 6829.996 GC heap before
{Heap before GC invocations=41 (full 5):
 PSYoungGen      total 460800K, used 413166K [0x00000000e0000000, 0x0000000100000000, 0x0000000100000000)
  eden space 400384K, 100% used [0x00000000e0000000,0x00000000f8700000,0x00000000f8700000)
  from space 60416K, 21% used [0x00000000f8700000,0x00000000f937b970,0x00000000fc200000)
  to   space 59392K, 0% used [0x00000000fc600000,0x00000000fc600000,0x0000000100000000)
 ParOldGen       total 331776K, used 207784K [0x00000000a0000000, 0x00000000b4400000, 0x00000000e0000000)
  object space 331776K, 62% used [0x00000000a0000000,0x00000000acaea238,0x00000000b4400000)
 Metaspace       used 155311K, capacity 162862K, committed 164416K, reserved 1191936K
  class space    used 19552K, capacity 21171K, committed 21632K, reserved 1048576K
Event: 6830.189 GC heap after
Heap after GC invocations=41 (full 5):
 PSYoungGen      total 452608K, used 50631K [0x00000000e0000000, 0x0000000100000000, 0x0000000100000000)
  eden space 393216K, 0% used [0x00000000e0000000,0x00000000e0000000,0x00000000f8000000)
  from space 59392K, 85% used [0x00000000fc600000,0x00000000ff771e58,0x0000000100000000)
  to   space 65536K, 0% used [0x00000000f8000000,0x00000000f8000000,0x00000000fc000000)
 ParOldGen       total 331776K, used 207792K [0x00000000a0000000, 0x00000000b4400000, 0x00000000e0000000)
  object space 331776K, 62% used [0x00000000a0000000,0x00000000acaec238,0x00000000b4400000)
 Metaspace       used 155311K, capacity 162862K, committed 164416K, reserved 1191936K
  class space    used 19552K, capacity 21171K, committed 21632K, reserved 1048576K
}
Event: 6918.683 GC heap before
{Heap before GC invocations=42 (full 5):
 PSYoungGen      total 452608K, used 443847K [0x00000000e0000000, 0x0000000100000000, 0x0000000100000000)
  eden space 393216K, 100% used [0x00000000e0000000,0x00000000f8000000,0x00000000f8000000)
  from space 59392K, 85% used [0x00000000fc600000,0x00000000ff771e58,0x0000000100000000)
  to   space 65536K, 0% used [0x00000000f8000000,0x00000000f8000000,0x00000000fc000000)
 ParOldGen       total 331776K, used 207792K [0x00000000a0000000, 0x00000000b4400000, 0x00000000e0000000)
  object space 331776K, 62% used [0x00000000a0000000,0x00000000acaec238,0x00000000b4400000)
 Metaspace       used 155402K, capacity 162944K, committed 164416K, reserved 1191936K
  class space    used 19554K, capacity 21174K, committed 21632K, reserved 1048576K
Event: 6919.182 GC heap after
Heap after GC invocations=42 (full 5):
 PSYoungGen      total 443904K, used 50234K [0x00000000e0000000, 0x0000000100000000, 0x0000000100000000)
  eden space 393216K, 0% used [0x00000000e0000000,0x00000000e0000000,0x00000000f8000000)
  from space 50688K, 99% used [0x00000000f8000000,0x00000000fb10e950,0x00000000fb180000)
  to   space 70144K, 0% used [0x00000000fbb80000,0x00000000fbb80000,0x0000000100000000)
 ParOldGen       total 331776K, used 207800K [0x00000000a0000000, 0x00000000b4400000, 0x00000000e0000000)
  object space 331776K, 62% used [0x00000000a0000000,0x00000000acaee238,0x00000000b4400000)
 Metaspace       used 155402K, capacity 162944K, committed 164416K, reserved 1191936K
  class space    used 19554K, capacity 21174K, committed 21632K, reserved 1048576K
}

