# JRE version: OpenJDK Runtime Environment (8.0_202-b03) (build 1.8.0_202-release-1483-b03)
# Java VM: OpenJDK 64-Bit Server VM (25.202-b03 mixed mode windows-amd64 compressed oops)
Heap:
 PSYoungGen      total 135168K, used 69422K [0x00000000e0000000, 0x00000000e9400000, 0x0000000100000000)
  eden space 122880K, 46% used [0x00000000e0000000,0x00000000e37cfce8,0x00000000e7800000)
  from space 12288K, 99% used [0x00000000e8700000,0x00000000e92fbcf0,0x00000000e9300000)
  to   space 14336K, 0% used [0x00000000e7800000,0x00000000e7800000,0x00000000e8600000)
 ParOldGen       total 95232K, used 18615K [0x00000000a0000000, 0x00000000a5d00000, 0x00000000e0000000)
  object space 95232K, 19% used [0x00000000a0000000,0x00000000a122df20,0x00000000a5d00000)
 Metaspace       used 46090K, capacity 47476K, committed 47616K, reserved 1089536K
  class space    used 6229K, capacity 6548K, committed 6656K, reserved 1048576K
GC Heap History (10 events):
Event: 4.630 GC heap before
{Heap before GC invocations=8 (full 1):
 PSYoungGen      total 77312K, used 66560K [0x00000000e0000000, 0x00000000e5600000, 0x0000000100000000)
  eden space 66560K, 100% used [0x00000000e0000000,0x00000000e4100000,0x00000000e4100000)
  from space 10752K, 0% used [0x00000000e4b80000,0x00000000e4b80000,0x00000000e5600000)
  to   space 10752K, 0% used [0x00000000e4100000,0x00000000e4100000,0x00000000e4b80000)
 ParOldGen       total 61952K, used 8882K [0x00000000a0000000, 0x00000000a3c80000, 0x00000000e0000000)
  object space 61952K, 14% used [0x00000000a0000000,0x00000000a08acb18,0x00000000a3c80000)
 Metaspace       used 28334K, capacity 28896K, committed 29184K, reserved 1075200K
  class space    used 3904K, capacity 4095K, committed 4096K, reserved 1048576K
Event: 4.636 GC heap after
Heap after GC invocations=8 (full 1):
 PSYoungGen      total 77312K, used 7596K [0x00000000e0000000, 0x00000000e7700000, 0x0000000100000000)
  eden space 66560K, 0% used [0x00000000e0000000,0x00000000e0000000,0x00000000e4100000)
  from space 10752K, 70% used [0x00000000e4100000,0x00000000e486b1b8,0x00000000e4b80000)
  to   space 10752K, 0% used [0x00000000e6c80000,0x00000000e6c80000,0x00000000e7700000)
 ParOldGen       total 61952K, used 8890K [0x00000000a0000000, 0x00000000a3c80000, 0x00000000e0000000)
  object space 61952K, 14% used [0x00000000a0000000,0x00000000a08aeb18,0x00000000a3c80000)
 Metaspace       used 28334K, capacity 28896K, committed 29184K, reserved 1075200K
  class space    used 3904K, capacity 4095K, committed 4096K, reserved 1048576K
}
Event: 6.998 GC heap before
{Heap before GC invocations=9 (full 1):
 PSYoungGen      total 77312K, used 74156K [0x00000000e0000000, 0x00000000e7700000, 0x0000000100000000)
  eden space 66560K, 100% used [0x00000000e0000000,0x00000000e4100000,0x00000000e4100000)
  from space 10752K, 70% used [0x00000000e4100000,0x00000000e486b1b8,0x00000000e4b80000)
  to   space 10752K, 0% used [0x00000000e6c80000,0x00000000e6c80000,0x00000000e7700000)
 ParOldGen       total 61952K, used 8890K [0x00000000a0000000, 0x00000000a3c80000, 0x00000000e0000000)
  object space 61952K, 14% used [0x00000000a0000000,0x00000000a08aeb18,0x00000000a3c80000)
 Metaspace       used 32090K, capacity 32864K, committed 33152K, reserved 1077248K
  class space    used 4472K, capacity 4697K, committed 4736K, reserved 1048576K
Event: 7.007 GC heap after
Heap after GC invocations=9 (full 1):
 PSYoungGen      total 107520K, used 10049K [0x00000000e0000000, 0x00000000e7680000, 0x0000000100000000)
  eden space 97280K, 0% used [0x00000000e0000000,0x00000000e0000000,0x00000000e5f00000)
  from space 10240K, 98% used [0x00000000e6c80000,0x00000000e76505f0,0x00000000e7680000)
  to   space 11776K, 0% used [0x00000000e5f80000,0x00000000e5f80000,0x00000000e6b00000)
 ParOldGen       total 61952K, used 8898K [0x00000000a0000000, 0x00000000a3c80000, 0x00000000e0000000)
  object space 61952K, 14% used [0x00000000a0000000,0x00000000a08b0b18,0x00000000a3c80000)
 Metaspace       used 32090K, capacity 32864K, committed 33152K, reserved 1077248K
  class space    used 4472K, capacity 4697K, committed 4736K, reserved 1048576K
}
Event: 8.338 GC heap before
{Heap before GC invocations=10 (full 1):
 PSYoungGen      total 107520K, used 53794K [0x00000000e0000000, 0x00000000e7680000, 0x0000000100000000)
  eden space 97280K, 44% used [0x00000000e0000000,0x00000000e2ab8388,0x00000000e5f00000)
  from space 10240K, 98% used [0x00000000e6c80000,0x00000000e76505f0,0x00000000e7680000)
  to   space 11776K, 0% used [0x00000000e5f80000,0x00000000e5f80000,0x00000000e6b00000)
 ParOldGen       total 61952K, used 8898K [0x00000000a0000000, 0x00000000a3c80000, 0x00000000e0000000)
  object space 61952K, 14% used [0x00000000a0000000,0x00000000a08b0b18,0x00000000a3c80000)
 Metaspace       used 34531K, capacity 35442K, committed 35456K, reserved 1079296K
  class space    used 4767K, capacity 4987K, committed 4992K, reserved 1048576K
Event: 8.358 GC heap after
Heap after GC invocations=10 (full 1):
 PSYoungGen      total 109568K, used 10393K [0x00000000e0000000, 0x00000000e9300000, 0x0000000100000000)
  eden space 97792K, 0% used [0x00000000e0000000,0x00000000e0000000,0x00000000e5f80000)
  from space 11776K, 88% used [0x00000000e5f80000,0x00000000e69a6598,0x00000000e6b00000)
  to   space 12288K, 0% used [0x00000000e8700000,0x00000000e8700000,0x00000000e9300000)
 ParOldGen       total 61952K, used 8906K [0x00000000a0000000, 0x00000000a3c80000, 0x00000000e0000000)
  object space 61952K, 14% used [0x00000000a0000000,0x00000000a08b2b18,0x00000000a3c80000)
 Metaspace       used 34531K, capacity 35442K, committed 35456K, reserved 1079296K
  class space    used 4767K, capacity 4987K, committed 4992K, reserved 1048576K
}
Event: 8.358 GC heap before
{Heap before GC invocations=11 (full 2):
 PSYoungGen      total 109568K, used 10393K [0x00000000e0000000, 0x00000000e9300000, 0x0000000100000000)
  eden space 97792K, 0% used [0x00000000e0000000,0x00000000e0000000,0x00000000e5f80000)
  from space 11776K, 88% used [0x00000000e5f80000,0x00000000e69a6598,0x00000000e6b00000)
  to   space 12288K, 0% used [0x00000000e8700000,0x00000000e8700000,0x00000000e9300000)
 ParOldGen       total 61952K, used 8906K [0x00000000a0000000, 0x00000000a3c80000, 0x00000000e0000000)
  object space 61952K, 14% used [0x00000000a0000000,0x00000000a08b2b18,0x00000000a3c80000)
 Metaspace       used 34531K, capacity 35442K, committed 35456K, reserved 1079296K
  class space    used 4767K, capacity 4987K, committed 4992K, reserved 1048576K
Event: 8.426 GC heap after
Heap after GC invocations=11 (full 2):
 PSYoungGen      total 109568K, used 0K [0x00000000e0000000, 0x00000000e9300000, 0x0000000100000000)
  eden space 97792K, 0% used [0x00000000e0000000,0x00000000e0000000,0x00000000e5f80000)
  from space 11776K, 0% used [0x00000000e5f80000,0x00000000e5f80000,0x00000000e6b00000)
  to   space 12288K, 0% used [0x00000000e8700000,0x00000000e8700000,0x00000000e9300000)
 ParOldGen       total 95232K, used 17584K [0x00000000a0000000, 0x00000000a5d00000, 0x00000000e0000000)
  object space 95232K, 18% used [0x00000000a0000000,0x00000000a112c1e8,0x00000000a5d00000)
 Metaspace       used 34531K, capacity 35442K, committed 35456K, reserved 1079296K
  class space    used 4767K, capacity 4987K, committed 4992K, reserved 1048576K
}
Event: 16.037 GC heap before
{Heap before GC invocations=12 (full 2):
 PSYoungGen      total 109568K, used 97792K [0x00000000e0000000, 0x00000000e9300000, 0x0000000100000000)
  eden space 97792K, 100% used [0x00000000e0000000,0x00000000e5f80000,0x00000000e5f80000)
  from space 11776K, 0% used [0x00000000e5f80000,0x00000000e5f80000,0x00000000e6b00000)
  to   space 12288K, 0% used [0x00000000e8700000,0x00000000e8700000,0x00000000e9300000)
 ParOldGen       total 95232K, used 17584K [0x00000000a0000000, 0x00000000a5d00000, 0x00000000e0000000)
  object space 95232K, 18% used [0x00000000a0000000,0x00000000a112c1e8,0x00000000a5d00000)
 Metaspace       used 43338K, capacity 44624K, committed 44928K, reserved 1087488K
  class space    used 5889K, capacity 6187K, committed 6272K, reserved 1048576K
Event: 16.050 GC heap after
Heap after GC invocations=12 (full 2):
 PSYoungGen      total 135168K, used 12271K [0x00000000e0000000, 0x00000000e9400000, 0x0000000100000000)
  eden space 122880K, 0% used [0x00000000e0000000,0x00000000e0000000,0x00000000e7800000)
  from space 12288K, 99% used [0x00000000e8700000,0x00000000e92fbcf0,0x00000000e9300000)
  to   space 14336K, 0% used [0x00000000e7800000,0x00000000e7800000,0x00000000e8600000)
 ParOldGen       total 95232K, used 18615K [0x00000000a0000000, 0x00000000a5d00000, 0x00000000e0000000)
  object space 95232K, 19% used [0x00000000a0000000,0x00000000a122df20,0x00000000a5d00000)
 Metaspace       used 43338K, capacity 44624K, committed 44928K, reserved 1087488K
  class space    used 5889K, capacity 6187K, committed 6272K, reserved 1048576K
}

