# JRE version: OpenJDK Runtime Environment (8.0_202-b03) (build 1.8.0_202-release-1483-b03)
# Java VM: OpenJDK 64-Bit Server VM (25.202-b03 mixed mode windows-amd64 compressed oops)
Heap:
 PSYoungGen      total 148992K, used 43246K [0x00000000e0000000, 0x00000000ece00000, 0x0000000100000000)
  eden space 135168K, 21% used [0x00000000e0000000,0x00000000e1cbea28,0x00000000e8400000)
  from space 13824K, 99% used [0x00000000e8400000,0x00000000e917cf68,0x00000000e9180000)
  to   space 17408K, 0% used [0x00000000ebd00000,0x00000000ebd00000,0x00000000ece00000)
 ParOldGen       total 94720K, used 20895K [0x00000000a0000000, 0x00000000a5c80000, 0x00000000e0000000)
  object space 94720K, 22% used [0x00000000a0000000,0x00000000a1467df0,0x00000000a5c80000)
 Metaspace       used 46099K, capacity 47472K, committed 47616K, reserved 1089536K
  class space    used 6232K, capacity 6552K, committed 6656K, reserved 1048576K
GC Heap History (10 events):
Event: 6.610 GC heap before
{Heap before GC invocations=7 (full 1):
 PSYoungGen      total 71680K, used 66560K [0x00000000e0000000, 0x00000000e9a00000, 0x0000000100000000)
  eden space 66560K, 100% used [0x00000000e0000000,0x00000000e4100000,0x00000000e4100000)
  from space 5120K, 0% used [0x00000000e4100000,0x00000000e4100000,0x00000000e4600000)
  to   space 12288K, 0% used [0x00000000e8e00000,0x00000000e8e00000,0x00000000e9a00000)
 ParOldGen       total 68096K, used 11356K [0x00000000a0000000, 0x00000000a4280000, 0x00000000e0000000)
  object space 68096K, 16% used [0x00000000a0000000,0x00000000a0b17248,0x00000000a4280000)
 Metaspace       used 28365K, capacity 28880K, committed 29184K, reserved 1075200K
  class space    used 3918K, capacity 4095K, committed 4096K, reserved 1048576K
Event: 6.617 GC heap after
Heap after GC invocations=7 (full 1):
 PSYoungGen      total 103936K, used 7676K [0x00000000e0000000, 0x00000000e9580000, 0x0000000100000000)
  eden space 96256K, 0% used [0x00000000e0000000,0x00000000e0000000,0x00000000e5e00000)
  from space 7680K, 99% used [0x00000000e8e00000,0x00000000e957f2b8,0x00000000e9580000)
  to   space 11776K, 0% used [0x00000000e7e80000,0x00000000e7e80000,0x00000000e8a00000)
 ParOldGen       total 68096K, used 11364K [0x00000000a0000000, 0x00000000a4280000, 0x00000000e0000000)
  object space 68096K, 16% used [0x00000000a0000000,0x00000000a0b19248,0x00000000a4280000)
 Metaspace       used 28365K, capacity 28880K, committed 29184K, reserved 1075200K
  class space    used 3918K, capacity 4095K, committed 4096K, reserved 1048576K
}
Event: 12.198 GC heap before
{Heap before GC invocations=8 (full 1):
 PSYoungGen      total 103936K, used 103932K [0x00000000e0000000, 0x00000000e9580000, 0x0000000100000000)
  eden space 96256K, 100% used [0x00000000e0000000,0x00000000e5e00000,0x00000000e5e00000)
  from space 7680K, 99% used [0x00000000e8e00000,0x00000000e957f2b8,0x00000000e9580000)
  to   space 11776K, 0% used [0x00000000e7e80000,0x00000000e7e80000,0x00000000e8a00000)
 ParOldGen       total 68096K, used 11364K [0x00000000a0000000, 0x00000000a4280000, 0x00000000e0000000)
  object space 68096K, 16% used [0x00000000a0000000,0x00000000a0b19248,0x00000000a4280000)
 Metaspace       used 33792K, capacity 34674K, committed 34944K, reserved 1079296K
  class space    used 4683K, capacity 4913K, committed 4992K, reserved 1048576K
Event: 12.215 GC heap after
Heap after GC invocations=8 (full 1):
 PSYoungGen      total 141312K, used 11757K [0x00000000e0000000, 0x00000000e9f00000, 0x0000000100000000)
  eden space 129536K, 0% used [0x00000000e0000000,0x00000000e0000000,0x00000000e7e80000)
  from space 11776K, 99% used [0x00000000e7e80000,0x00000000e89fb7d8,0x00000000e8a00000)
  to   space 13824K, 0% used [0x00000000e9180000,0x00000000e9180000,0x00000000e9f00000)
 ParOldGen       total 68096K, used 11792K [0x00000000a0000000, 0x00000000a4280000, 0x00000000e0000000)
  object space 68096K, 17% used [0x00000000a0000000,0x00000000a0b841e8,0x00000000a4280000)
 Metaspace       used 33792K, capacity 34674K, committed 34944K, reserved 1079296K
  class space    used 4683K, capacity 4913K, committed 4992K, reserved 1048576K
}
Event: 12.711 GC heap before
{Heap before GC invocations=9 (full 1):
 PSYoungGen      total 141312K, used 26066K [0x00000000e0000000, 0x00000000e9f00000, 0x0000000100000000)
  eden space 129536K, 11% used [0x00000000e0000000,0x00000000e0df92e8,0x00000000e7e80000)
  from space 11776K, 99% used [0x00000000e7e80000,0x00000000e89fb7d8,0x00000000e8a00000)
  to   space 13824K, 0% used [0x00000000e9180000,0x00000000e9180000,0x00000000e9f00000)
 ParOldGen       total 68096K, used 11792K [0x00000000a0000000, 0x00000000a4280000, 0x00000000e0000000)
  object space 68096K, 17% used [0x00000000a0000000,0x00000000a0b841e8,0x00000000a4280000)
 Metaspace       used 34515K, capacity 35426K, committed 35456K, reserved 1079296K
  class space    used 4772K, capacity 4987K, committed 4992K, reserved 1048576K
Event: 12.725 GC heap after
Heap after GC invocations=9 (full 1):
 PSYoungGen      total 148992K, used 9208K [0x00000000e0000000, 0x00000000edd00000, 0x0000000100000000)
  eden space 135168K, 0% used [0x00000000e0000000,0x00000000e0000000,0x00000000e8400000)
  from space 13824K, 66% used [0x00000000e9180000,0x00000000e9a7e328,0x00000000e9f00000)
  to   space 13824K, 0% used [0x00000000e8400000,0x00000000e8400000,0x00000000e9180000)
 ParOldGen       total 68096K, used 11800K [0x00000000a0000000, 0x00000000a4280000, 0x00000000e0000000)
  object space 68096K, 17% used [0x00000000a0000000,0x00000000a0b861e8,0x00000000a4280000)
 Metaspace       used 34515K, capacity 35426K, committed 35456K, reserved 1079296K
  class space    used 4772K, capacity 4987K, committed 4992K, reserved 1048576K
}
Event: 12.725 GC heap before
{Heap before GC invocations=10 (full 2):
 PSYoungGen      total 148992K, used 9208K [0x00000000e0000000, 0x00000000edd00000, 0x0000000100000000)
  eden space 135168K, 0% used [0x00000000e0000000,0x00000000e0000000,0x00000000e8400000)
  from space 13824K, 66% used [0x00000000e9180000,0x00000000e9a7e328,0x00000000e9f00000)
  to   space 13824K, 0% used [0x00000000e8400000,0x00000000e8400000,0x00000000e9180000)
 ParOldGen       total 68096K, used 11800K [0x00000000a0000000, 0x00000000a4280000, 0x00000000e0000000)
  object space 68096K, 17% used [0x00000000a0000000,0x00000000a0b861e8,0x00000000a4280000)
 Metaspace       used 34515K, capacity 35426K, committed 35456K, reserved 1079296K
  class space    used 4772K, capacity 4987K, committed 4992K, reserved 1048576K
Event: 12.798 GC heap after
Heap after GC invocations=10 (full 2):
 PSYoungGen      total 148992K, used 0K [0x00000000e0000000, 0x00000000edd00000, 0x0000000100000000)
  eden space 135168K, 0% used [0x00000000e0000000,0x00000000e0000000,0x00000000e8400000)
  from space 13824K, 0% used [0x00000000e9180000,0x00000000e9180000,0x00000000e9f00000)
  to   space 13824K, 0% used [0x00000000e8400000,0x00000000e8400000,0x00000000e9180000)
 ParOldGen       total 94720K, used 16505K [0x00000000a0000000, 0x00000000a5c80000, 0x00000000e0000000)
  object space 94720K, 17% used [0x00000000a0000000,0x00000000a101e6d8,0x00000000a5c80000)
 Metaspace       used 34515K, capacity 35426K, committed 35456K, reserved 1079296K
  class space    used 4772K, capacity 4987K, committed 4992K, reserved 1048576K
}
Event: 25.886 GC heap before
{Heap before GC invocations=11 (full 2):
 PSYoungGen      total 148992K, used 135168K [0x00000000e0000000, 0x00000000edd00000, 0x0000000100000000)
  eden space 135168K, 100% used [0x00000000e0000000,0x00000000e8400000,0x00000000e8400000)
  from space 13824K, 0% used [0x00000000e9180000,0x00000000e9180000,0x00000000e9f00000)
  to   space 13824K, 0% used [0x00000000e8400000,0x00000000e8400000,0x00000000e9180000)
 ParOldGen       total 94720K, used 16505K [0x00000000a0000000, 0x00000000a5c80000, 0x00000000e0000000)
  object space 94720K, 17% used [0x00000000a0000000,0x00000000a101e6d8,0x00000000a5c80000)
 Metaspace       used 45870K, capacity 47210K, committed 47232K, reserved 1089536K
  class space    used 6199K, capacity 6508K, committed 6528K, reserved 1048576K
Event: 25.903 GC heap after
Heap after GC invocations=11 (full 2):
 PSYoungGen      total 148992K, used 13811K [0x00000000e0000000, 0x00000000ece00000, 0x0000000100000000)
  eden space 135168K, 0% used [0x00000000e0000000,0x00000000e0000000,0x00000000e8400000)
  from space 13824K, 99% used [0x00000000e8400000,0x00000000e917cf68,0x00000000e9180000)
  to   space 17408K, 0% used [0x00000000ebd00000,0x00000000ebd00000,0x00000000ece00000)
 ParOldGen       total 94720K, used 20895K [0x00000000a0000000, 0x00000000a5c80000, 0x00000000e0000000)
  object space 94720K, 22% used [0x00000000a0000000,0x00000000a1467df0,0x00000000a5c80000)
 Metaspace       used 45870K, capacity 47210K, committed 47232K, reserved 1089536K
  class space    used 6199K, capacity 6508K, committed 6528K, reserved 1048576K
}

