# JRE version: OpenJDK Runtime Environment (8.0_202-b03) (build 1.8.0_202-release-1483-b03)
# Java VM: OpenJDK 64-Bit Server VM (25.202-b03 mixed mode windows-amd64 compressed oops)
Heap:
 PSYoungGen      total 219136K, used 54841K [0x00000000e0000000, 0x00000000efa00000, 0x0000000100000000)
  eden space 186368K, 29% used [0x00000000e0000000,0x00000000e358e4b8,0x00000000eb600000)
  from space 32768K, 0% used [0x00000000eda00000,0x00000000eda00000,0x00000000efa00000)
  to   space 34816K, 0% used [0x00000000eb600000,0x00000000eb600000,0x00000000ed800000)
 ParOldGen       total 145408K, used 101213K [0x00000000a0000000, 0x00000000a8e00000, 0x00000000e0000000)
  object space 145408K, 69% used [0x00000000a0000000,0x00000000a62d74a0,0x00000000a8e00000)
 Metaspace       used 88868K, capacity 91376K, committed 92376K, reserved 1132544K
  class space    used 11213K, capacity 11833K, committed 12032K, reserved 1048576K
GC Heap History (10 events):
Event: 6850.853 GC heap before
{Heap before GC invocations=31 (full 7):
 PSYoungGen      total 221696K, used 64K [0x00000000e0000000, 0x00000000f0000000, 0x0000000100000000)
  eden space 183808K, 0% used [0x00000000e0000000,0x00000000e0000000,0x00000000eb380000)
  from space 37888K, 0% used [0x00000000ed680000,0x00000000ed690000,0x00000000efb80000)
  to   space 35840K, 0% used [0x00000000eb380000,0x00000000eb380000,0x00000000ed680000)
 ParOldGen       total 145408K, used 102344K [0x00000000a0000000, 0x00000000a8e00000, 0x00000000e0000000)
  object space 145408K, 70% used [0x00000000a0000000,0x00000000a63f23c0,0x00000000a8e00000)
 Metaspace       used 87965K, capacity 90410K, committed 91608K, reserved 1138688K
  class space    used 11129K, capacity 11736K, committed 12032K, reserved 1048576K
Event: 6851.089 GC heap after
Heap after GC invocations=31 (full 7):
 PSYoungGen      total 221696K, used 0K [0x00000000e0000000, 0x00000000f0000000, 0x0000000100000000)
  eden space 183808K, 0% used [0x00000000e0000000,0x00000000e0000000,0x00000000eb380000)
  from space 37888K, 0% used [0x00000000ed680000,0x00000000ed680000,0x00000000efb80000)
  to   space 35840K, 0% used [0x00000000eb380000,0x00000000eb380000,0x00000000ed680000)
 ParOldGen       total 145408K, used 102343K [0x00000000a0000000, 0x00000000a8e00000, 0x00000000e0000000)
  object space 145408K, 70% used [0x00000000a0000000,0x00000000a63f1f90,0x00000000a8e00000)
 Metaspace       used 87965K, capacity 90410K, committed 91608K, reserved 1130496K
  class space    used 11129K, capacity 11736K, committed 12032K, reserved 1048576K
}
Event: 6851.089 GC heap before
{Heap before GC invocations=32 (full 7):
 PSYoungGen      total 221696K, used 0K [0x00000000e0000000, 0x00000000f0000000, 0x0000000100000000)
  eden space 183808K, 0% used [0x00000000e0000000,0x00000000e0000000,0x00000000eb380000)
  from space 37888K, 0% used [0x00000000ed680000,0x00000000ed680000,0x00000000efb80000)
  to   space 35840K, 0% used [0x00000000eb380000,0x00000000eb380000,0x00000000ed680000)
 ParOldGen       total 145408K, used 102343K [0x00000000a0000000, 0x00000000a8e00000, 0x00000000e0000000)
  object space 145408K, 70% used [0x00000000a0000000,0x00000000a63f1f90,0x00000000a8e00000)
 Metaspace       used 87965K, capacity 90410K, committed 91608K, reserved 1134592K
  class space    used 11129K, capacity 11736K, committed 12032K, reserved 1048576K
Event: 6851.092 GC heap after
Heap after GC invocations=32 (full 7):
 PSYoungGen      total 219648K, used 0K [0x00000000e0000000, 0x00000000efd00000, 0x0000000100000000)
  eden space 183808K, 0% used [0x00000000e0000000,0x00000000e0000000,0x00000000eb380000)
  from space 35840K, 0% used [0x00000000eb380000,0x00000000eb380000,0x00000000ed680000)
  to   space 35840K, 0% used [0x00000000eda00000,0x00000000eda00000,0x00000000efd00000)
 ParOldGen       total 145408K, used 102343K [0x00000000a0000000, 0x00000000a8e00000, 0x00000000e0000000)
  object space 145408K, 70% used [0x00000000a0000000,0x00000000a63f1f90,0x00000000a8e00000)
 Metaspace       used 87965K, capacity 90410K, committed 91608K, reserved 1134592K
  class space    used 11129K, capacity 11736K, committed 12032K, reserved 1048576K
}
Event: 6851.092 GC heap before
{Heap before GC invocations=33 (full 8):
 PSYoungGen      total 219648K, used 0K [0x00000000e0000000, 0x00000000efd00000, 0x0000000100000000)
  eden space 183808K, 0% used [0x00000000e0000000,0x00000000e0000000,0x00000000eb380000)
  from space 35840K, 0% used [0x00000000eb380000,0x00000000eb380000,0x00000000ed680000)
  to   space 35840K, 0% used [0x00000000eda00000,0x00000000eda00000,0x00000000efd00000)
 ParOldGen       total 145408K, used 102343K [0x00000000a0000000, 0x00000000a8e00000, 0x00000000e0000000)
  object space 145408K, 70% used [0x00000000a0000000,0x00000000a63f1f90,0x00000000a8e00000)
 Metaspace       used 87965K, capacity 90410K, committed 91608K, reserved 1134592K
  class space    used 11129K, capacity 11736K, committed 12032K, reserved 1048576K
Event: 6851.233 GC heap after
Heap after GC invocations=33 (full 8):
 PSYoungGen      total 219648K, used 0K [0x00000000e0000000, 0x00000000efd00000, 0x0000000100000000)
  eden space 183808K, 0% used [0x00000000e0000000,0x00000000e0000000,0x00000000eb380000)
  from space 35840K, 0% used [0x00000000eb380000,0x00000000eb380000,0x00000000ed680000)
  to   space 35840K, 0% used [0x00000000eda00000,0x00000000eda00000,0x00000000efd00000)
 ParOldGen       total 145408K, used 102343K [0x00000000a0000000, 0x00000000a8e00000, 0x00000000e0000000)
  object space 145408K, 70% used [0x00000000a0000000,0x00000000a63f1f90,0x00000000a8e00000)
 Metaspace       used 87965K, capacity 90410K, committed 91608K, reserved 1130496K
  class space    used 11129K, capacity 11736K, committed 12032K, reserved 1048576K
}
Event: 6852.203 GC heap before
{Heap before GC invocations=34 (full 8):
 PSYoungGen      total 219648K, used 13276K [0x00000000e0000000, 0x00000000efd00000, 0x0000000100000000)
  eden space 183808K, 7% used [0x00000000e0000000,0x00000000e0cf7158,0x00000000eb380000)
  from space 35840K, 0% used [0x00000000eb380000,0x00000000eb380000,0x00000000ed680000)
  to   space 35840K, 0% used [0x00000000eda00000,0x00000000eda00000,0x00000000efd00000)
 ParOldGen       total 145408K, used 102343K [0x00000000a0000000, 0x00000000a8e00000, 0x00000000e0000000)
  object space 145408K, 70% used [0x00000000a0000000,0x00000000a63f1f90,0x00000000a8e00000)
 Metaspace       used 88645K, capacity 91122K, committed 92120K, reserved 1134592K
  class space    used 11201K, capacity 11796K, committed 12032K, reserved 1048576K
Event: 6852.211 GC heap after
Heap after GC invocations=34 (full 8):
 PSYoungGen      total 219136K, used 1116K [0x00000000e0000000, 0x00000000efa00000, 0x0000000100000000)
  eden space 186368K, 0% used [0x00000000e0000000,0x00000000e0000000,0x00000000eb600000)
  from space 32768K, 3% used [0x00000000eda00000,0x00000000edb17170,0x00000000efa00000)
  to   space 34816K, 0% used [0x00000000eb600000,0x00000000eb600000,0x00000000ed800000)
 ParOldGen       total 145408K, used 102351K [0x00000000a0000000, 0x00000000a8e00000, 0x00000000e0000000)
  object space 145408K, 70% used [0x00000000a0000000,0x00000000a63f3f90,0x00000000a8e00000)
 Metaspace       used 88645K, capacity 91122K, committed 92120K, reserved 1134592K
  class space    used 11201K, capacity 11796K, committed 12032K, reserved 1048576K
}
Event: 6852.211 GC heap before
{Heap before GC invocations=35 (full 9):
 PSYoungGen      total 219136K, used 1116K [0x00000000e0000000, 0x00000000efa00000, 0x0000000100000000)
  eden space 186368K, 0% used [0x00000000e0000000,0x00000000e0000000,0x00000000eb600000)
  from space 32768K, 3% used [0x00000000eda00000,0x00000000edb17170,0x00000000efa00000)
  to   space 34816K, 0% used [0x00000000eb600000,0x00000000eb600000,0x00000000ed800000)
 ParOldGen       total 145408K, used 102351K [0x00000000a0000000, 0x00000000a8e00000, 0x00000000e0000000)
  object space 145408K, 70% used [0x00000000a0000000,0x00000000a63f3f90,0x00000000a8e00000)
 Metaspace       used 88645K, capacity 91122K, committed 92120K, reserved 1134592K
  class space    used 11201K, capacity 11796K, committed 12032K, reserved 1048576K
Event: 6852.448 GC heap after
Heap after GC invocations=35 (full 9):
 PSYoungGen      total 219136K, used 0K [0x00000000e0000000, 0x00000000efa00000, 0x0000000100000000)
  eden space 186368K, 0% used [0x00000000e0000000,0x00000000e0000000,0x00000000eb600000)
  from space 32768K, 0% used [0x00000000eda00000,0x00000000eda00000,0x00000000efa00000)
  to   space 34816K, 0% used [0x00000000eb600000,0x00000000eb600000,0x00000000ed800000)
 ParOldGen       total 145408K, used 101213K [0x00000000a0000000, 0x00000000a8e00000, 0x00000000e0000000)
  object space 145408K, 69% used [0x00000000a0000000,0x00000000a62d74a0,0x00000000a8e00000)
 Metaspace       used 88645K, capacity 91122K, committed 92120K, reserved 1132544K
  class space    used 11201K, capacity 11796K, committed 12032K, reserved 1048576K
}

