# JRE version: OpenJDK Runtime Environment (8.0_202-b03) (build 1.8.0_202-release-1483-b03)
# Java VM: OpenJDK 64-Bit Server VM (25.202-b03 mixed mode windows-amd64 compressed oops)
Heap:
 PSYoungGen      total 260608K, used 178683K [0x00000000e0000000, 0x00000000f3080000, 0x0000000100000000)
  eden space 228864K, 72% used [0x00000000e0000000,0x00000000ea152ba8,0x00000000edf80000)
  from space 31744K, 42% used [0x00000000f0200000,0x00000000f0f2c188,0x00000000f2100000)
  to   space 35328K, 0% used [0x00000000edf80000,0x00000000edf80000,0x00000000f0200000)
 ParOldGen       total 137728K, used 95511K [0x00000000a0000000, 0x00000000a8680000, 0x00000000e0000000)
  object space 137728K, 69% used [0x00000000a0000000,0x00000000a5d45d58,0x00000000a8680000)
 Metaspace       used 76071K, capacity 78660K, committed 78936K, reserved 1118208K
  class space    used 9696K, capacity 10294K, committed 10368K, reserved 1048576K
GC Heap History (10 events):
Event: 74.078 GC heap before
{Heap before GC invocations=17 (full 3):
 PSYoungGen      total 188928K, used 188363K [0x00000000e0000000, 0x00000000eef00000, 0x0000000100000000)
  eden space 171008K, 100% used [0x00000000e0000000,0x00000000ea700000,0x00000000ea700000)
  from space 17920K, 96% used [0x00000000ea700000,0x00000000eb7f2e38,0x00000000eb880000)
  to   space 19968K, 0% used [0x00000000edb80000,0x00000000edb80000,0x00000000eef00000)
 ParOldGen       total 137728K, used 38258K [0x00000000a0000000, 0x00000000a8680000, 0x00000000e0000000)
  object space 137728K, 27% used [0x00000000a0000000,0x00000000a255cba0,0x00000000a8680000)
 Metaspace       used 69130K, capacity 71432K, committed 71512K, reserved 1112064K
  class space    used 9026K, capacity 9582K, committed 9600K, reserved 1048576K
Event: 74.108 GC heap after
Heap after GC invocations=17 (full 3):
 PSYoungGen      total 218112K, used 19961K [0x00000000e0000000, 0x00000000ef700000, 0x0000000100000000)
  eden space 198144K, 0% used [0x00000000e0000000,0x00000000e0000000,0x00000000ec180000)
  from space 19968K, 99% used [0x00000000edb80000,0x00000000eeefe7e0,0x00000000eef00000)
  to   space 26624K, 0% used [0x00000000ec180000,0x00000000ec180000,0x00000000edb80000)
 ParOldGen       total 137728K, used 48171K [0x00000000a0000000, 0x00000000a8680000, 0x00000000e0000000)
  object space 137728K, 34% used [0x00000000a0000000,0x00000000a2f0ae38,0x00000000a8680000)
 Metaspace       used 69130K, capacity 71432K, committed 71512K, reserved 1112064K
  class space    used 9026K, capacity 9582K, committed 9600K, reserved 1048576K
}
Event: 78.723 GC heap before
{Heap before GC invocations=18 (full 3):
 PSYoungGen      total 218112K, used 218105K [0x00000000e0000000, 0x00000000ef700000, 0x0000000100000000)
  eden space 198144K, 100% used [0x00000000e0000000,0x00000000ec180000,0x00000000ec180000)
  from space 19968K, 99% used [0x00000000edb80000,0x00000000eeefe7e0,0x00000000eef00000)
  to   space 26624K, 0% used [0x00000000ec180000,0x00000000ec180000,0x00000000edb80000)
 ParOldGen       total 137728K, used 48171K [0x00000000a0000000, 0x00000000a8680000, 0x00000000e0000000)
  object space 137728K, 34% used [0x00000000a0000000,0x00000000a2f0ae38,0x00000000a8680000)
 Metaspace       used 72474K, capacity 74944K, committed 75096K, reserved 1114112K
  class space    used 9400K, capacity 9994K, committed 10112K, reserved 1048576K
Event: 78.766 GC heap after
Heap after GC invocations=18 (full 3):
 PSYoungGen      total 224768K, used 26605K [0x00000000e0000000, 0x00000000f2100000, 0x0000000100000000)
  eden space 198144K, 0% used [0x00000000e0000000,0x00000000e0000000,0x00000000ec180000)
  from space 26624K, 99% used [0x00000000ec180000,0x00000000edb7b608,0x00000000edb80000)
  to   space 31744K, 0% used [0x00000000f0200000,0x00000000f0200000,0x00000000f2100000)
 ParOldGen       total 137728K, used 52767K [0x00000000a0000000, 0x00000000a8680000, 0x00000000e0000000)
  object space 137728K, 38% used [0x00000000a0000000,0x00000000a3387c80,0x00000000a8680000)
 Metaspace       used 72474K, capacity 74944K, committed 75096K, reserved 1114112K
  class space    used 9400K, capacity 9994K, committed 10112K, reserved 1048576K
}
Event: 81.092 GC heap before
{Heap before GC invocations=19 (full 3):
 PSYoungGen      total 224768K, used 224749K [0x00000000e0000000, 0x00000000f2100000, 0x0000000100000000)
  eden space 198144K, 100% used [0x00000000e0000000,0x00000000ec180000,0x00000000ec180000)
  from space 26624K, 99% used [0x00000000ec180000,0x00000000edb7b608,0x00000000edb80000)
  to   space 31744K, 0% used [0x00000000f0200000,0x00000000f0200000,0x00000000f2100000)
 ParOldGen       total 137728K, used 52767K [0x00000000a0000000, 0x00000000a8680000, 0x00000000e0000000)
  object space 137728K, 38% used [0x00000000a0000000,0x00000000a3387c80,0x00000000a8680000)
 Metaspace       used 73282K, capacity 75738K, committed 75864K, reserved 1116160K
  class space    used 9444K, capacity 10019K, committed 10112K, reserved 1048576K
Event: 81.139 GC heap after
Heap after GC invocations=19 (full 3):
 PSYoungGen      total 260608K, used 28216K [0x00000000e0000000, 0x00000000f3080000, 0x0000000100000000)
  eden space 228864K, 0% used [0x00000000e0000000,0x00000000e0000000,0x00000000edf80000)
  from space 31744K, 88% used [0x00000000f0200000,0x00000000f1d8e320,0x00000000f2100000)
  to   space 35328K, 0% used [0x00000000edf80000,0x00000000edf80000,0x00000000f0200000)
 ParOldGen       total 137728K, used 71336K [0x00000000a0000000, 0x00000000a8680000, 0x00000000e0000000)
  object space 137728K, 51% used [0x00000000a0000000,0x00000000a45aa008,0x00000000a8680000)
 Metaspace       used 73282K, capacity 75738K, committed 75864K, reserved 1116160K
  class space    used 9444K, capacity 10019K, committed 10112K, reserved 1048576K
}
Event: 81.481 GC heap before
{Heap before GC invocations=20 (full 3):
 PSYoungGen      total 260608K, used 257080K [0x00000000e0000000, 0x00000000f3080000, 0x0000000100000000)
  eden space 228864K, 100% used [0x00000000e0000000,0x00000000edf80000,0x00000000edf80000)
  from space 31744K, 88% used [0x00000000f0200000,0x00000000f1d8e320,0x00000000f2100000)
  to   space 35328K, 0% used [0x00000000edf80000,0x00000000edf80000,0x00000000f0200000)
 ParOldGen       total 137728K, used 71336K [0x00000000a0000000, 0x00000000a8680000, 0x00000000e0000000)
  object space 137728K, 51% used [0x00000000a0000000,0x00000000a45aa008,0x00000000a8680000)
 Metaspace       used 74411K, capacity 76894K, committed 77272K, reserved 1116160K
  class space    used 9565K, capacity 10149K, committed 10240K, reserved 1048576K
Event: 81.532 GC heap after
Heap after GC invocations=20 (full 3):
 PSYoungGen      total 264192K, used 35321K [0x00000000e0000000, 0x00000000f3080000, 0x0000000100000000)
  eden space 228864K, 0% used [0x00000000e0000000,0x00000000e0000000,0x00000000edf80000)
  from space 35328K, 99% used [0x00000000edf80000,0x00000000f01fe7f0,0x00000000f0200000)
  to   space 31744K, 0% used [0x00000000f0200000,0x00000000f0200000,0x00000000f2100000)
 ParOldGen       total 137728K, used 76195K [0x00000000a0000000, 0x00000000a8680000, 0x00000000e0000000)
  object space 137728K, 55% used [0x00000000a0000000,0x00000000a4a68fd8,0x00000000a8680000)
 Metaspace       used 74411K, capacity 76894K, committed 77272K, reserved 1116160K
  class space    used 9565K, capacity 10149K, committed 10240K, reserved 1048576K
}
Event: 82.772 GC heap before
{Heap before GC invocations=21 (full 3):
 PSYoungGen      total 264192K, used 264185K [0x00000000e0000000, 0x00000000f3080000, 0x0000000100000000)
  eden space 228864K, 100% used [0x00000000e0000000,0x00000000edf80000,0x00000000edf80000)
  from space 35328K, 99% used [0x00000000edf80000,0x00000000f01fe7f0,0x00000000f0200000)
  to   space 31744K, 0% used [0x00000000f0200000,0x00000000f0200000,0x00000000f2100000)
 ParOldGen       total 137728K, used 76196K [0x00000000a0000000, 0x00000000a8680000, 0x00000000e0000000)
  object space 137728K, 55% used [0x00000000a0000000,0x00000000a4a69090,0x00000000a8680000)
 Metaspace       used 75749K, capacity 78306K, committed 78680K, reserved 1118208K
  class space    used 9666K, capacity 10251K, committed 10368K, reserved 1048576K
Event: 82.826 GC heap after
Heap after GC invocations=21 (full 3):
 PSYoungGen      total 260608K, used 13488K [0x00000000e0000000, 0x00000000f3080000, 0x0000000100000000)
  eden space 228864K, 0% used [0x00000000e0000000,0x00000000e0000000,0x00000000edf80000)
  from space 31744K, 42% used [0x00000000f0200000,0x00000000f0f2c188,0x00000000f2100000)
  to   space 35328K, 0% used [0x00000000edf80000,0x00000000edf80000,0x00000000f0200000)
 ParOldGen       total 137728K, used 95511K [0x00000000a0000000, 0x00000000a8680000, 0x00000000e0000000)
  object space 137728K, 69% used [0x00000000a0000000,0x00000000a5d45d58,0x00000000a8680000)
 Metaspace       used 75749K, capacity 78306K, committed 78680K, reserved 1118208K
  class space    used 9666K, capacity 10251K, committed 10368K, reserved 1048576K
}

