# JRE version: OpenJDK Runtime Environment (8.0_202-b03) (build 1.8.0_202-release-1483-b03)
# Java VM: OpenJDK 64-Bit Server VM (25.202-b03 mixed mode windows-amd64 compressed oops)
Heap:
 PSYoungGen      total 492544K, used 440189K [0x00000000e0000000, 0x0000000100000000, 0x0000000100000000)
  eden space 463872K, 90% used [0x00000000e0000000,0x00000000f999ba80,0x00000000fc500000)
  from space 28672K, 72% used [0x00000000fe400000,0x00000000ff843ce8,0x0000000100000000)
  to   space 30208K, 0% used [0x00000000fc500000,0x00000000fc500000,0x00000000fe280000)
 ParOldGen       total 229376K, used 89715K [0x00000000a0000000, 0x00000000ae000000, 0x00000000e0000000)
  object space 229376K, 39% used [0x00000000a0000000,0x00000000a579cd00,0x00000000ae000000)
 Metaspace       used 101209K, capacity 106112K, committed 106328K, reserved 1140736K
  class space    used 13148K, capacity 14202K, committed 14208K, reserved 1048576K
GC Heap History (10 events):
Event: 91.149 GC heap before
{Heap before GC invocations=34 (full 3):
 PSYoungGen      total 505344K, used 495994K [0x00000000e0000000, 0x00000000fff00000, 0x0000000100000000)
  eden space 487424K, 100% used [0x00000000e0000000,0x00000000fdc00000,0x00000000fdc00000)
  from space 17920K, 47% used [0x00000000fed80000,0x00000000ff5debb8,0x00000000fff00000)
  to   space 17920K, 0% used [0x00000000fdc00000,0x00000000fdc00000,0x00000000fed80000)
 ParOldGen       total 141824K, used 104095K [0x00000000a0000000, 0x00000000a8a80000, 0x00000000e0000000)
  object space 141824K, 73% used [0x00000000a0000000,0x00000000a65a7df0,0x00000000a8a80000)
 Metaspace       used 78549K, capacity 81740K, committed 81880K, reserved 1120256K
  class space    used 10220K, capacity 10918K, committed 11008K, reserved 1048576K
Event: 91.180 GC heap after
Heap after GC invocations=34 (full 3):
 PSYoungGen      total 505344K, used 17908K [0x00000000e0000000, 0x0000000100000000, 0x0000000100000000)
  eden space 487424K, 0% used [0x00000000e0000000,0x00000000e0000000,0x00000000fdc00000)
  from space 17920K, 99% used [0x00000000fdc00000,0x00000000fed7d270,0x00000000fed80000)
  to   space 18944K, 0% used [0x00000000fed80000,0x00000000fed80000,0x0000000100000000)
 ParOldGen       total 141824K, used 115903K [0x00000000a0000000, 0x00000000a8a80000, 0x00000000e0000000)
  object space 141824K, 81% used [0x00000000a0000000,0x00000000a712ff70,0x00000000a8a80000)
 Metaspace       used 78549K, capacity 81740K, committed 81880K, reserved 1120256K
  class space    used 10220K, capacity 10918K, committed 11008K, reserved 1048576K
}
Event: 92.311 GC heap before
{Heap before GC invocations=35 (full 3):
 PSYoungGen      total 505344K, used 505332K [0x00000000e0000000, 0x0000000100000000, 0x0000000100000000)
  eden space 487424K, 100% used [0x00000000e0000000,0x00000000fdc00000,0x00000000fdc00000)
  from space 17920K, 99% used [0x00000000fdc00000,0x00000000fed7d270,0x00000000fed80000)
  to   space 18944K, 0% used [0x00000000fed80000,0x00000000fed80000,0x0000000100000000)
 ParOldGen       total 141824K, used 115903K [0x00000000a0000000, 0x00000000a8a80000, 0x00000000e0000000)
  object space 141824K, 81% used [0x00000000a0000000,0x00000000a712ff70,0x00000000a8a80000)
 Metaspace       used 78552K, capacity 81740K, committed 81880K, reserved 1120256K
  class space    used 10220K, capacity 10918K, committed 11008K, reserved 1048576K
Event: 92.340 GC heap after
Heap after GC invocations=35 (full 3):
 PSYoungGen      total 482816K, used 18941K [0x00000000e0000000, 0x0000000100000000, 0x0000000100000000)
  eden space 463872K, 0% used [0x00000000e0000000,0x00000000e0000000,0x00000000fc500000)
  from space 18944K, 99% used [0x00000000fed80000,0x00000000fffff450,0x0000000100000000)
  to   space 30208K, 0% used [0x00000000fc500000,0x00000000fc500000,0x00000000fe280000)
 ParOldGen       total 141824K, used 126296K [0x00000000a0000000, 0x00000000a8a80000, 0x00000000e0000000)
  object space 141824K, 89% used [0x00000000a0000000,0x00000000a7b560f0,0x00000000a8a80000)
 Metaspace       used 78552K, capacity 81740K, committed 81880K, reserved 1120256K
  class space    used 10220K, capacity 10918K, committed 11008K, reserved 1048576K
}
Event: 92.340 GC heap before
{Heap before GC invocations=36 (full 4):
 PSYoungGen      total 482816K, used 18941K [0x00000000e0000000, 0x0000000100000000, 0x0000000100000000)
  eden space 463872K, 0% used [0x00000000e0000000,0x00000000e0000000,0x00000000fc500000)
  from space 18944K, 99% used [0x00000000fed80000,0x00000000fffff450,0x0000000100000000)
  to   space 30208K, 0% used [0x00000000fc500000,0x00000000fc500000,0x00000000fe280000)
 ParOldGen       total 141824K, used 126296K [0x00000000a0000000, 0x00000000a8a80000, 0x00000000e0000000)
  object space 141824K, 89% used [0x00000000a0000000,0x00000000a7b560f0,0x00000000a8a80000)
 Metaspace       used 78552K, capacity 81740K, committed 81880K, reserved 1120256K
  class space    used 10220K, capacity 10918K, committed 11008K, reserved 1048576K
Event: 92.667 GC heap after
Heap after GC invocations=36 (full 4):
 PSYoungGen      total 482816K, used 0K [0x00000000e0000000, 0x0000000100000000, 0x0000000100000000)
  eden space 463872K, 0% used [0x00000000e0000000,0x00000000e0000000,0x00000000fc500000)
  from space 18944K, 0% used [0x00000000fed80000,0x00000000fed80000,0x0000000100000000)
  to   space 30208K, 0% used [0x00000000fc500000,0x00000000fc500000,0x00000000fe280000)
 ParOldGen       total 229376K, used 89707K [0x00000000a0000000, 0x00000000ae000000, 0x00000000e0000000)
  object space 229376K, 39% used [0x00000000a0000000,0x00000000a579ad00,0x00000000ae000000)
 Metaspace       used 78548K, capacity 81728K, committed 81880K, reserved 1120256K
  class space    used 10219K, capacity 10916K, committed 11008K, reserved 1048576K
}
Event: 93.694 GC heap before
{Heap before GC invocations=37 (full 4):
 PSYoungGen      total 482816K, used 463872K [0x00000000e0000000, 0x0000000100000000, 0x0000000100000000)
  eden space 463872K, 100% used [0x00000000e0000000,0x00000000fc500000,0x00000000fc500000)
  from space 18944K, 0% used [0x00000000fed80000,0x00000000fed80000,0x0000000100000000)
  to   space 30208K, 0% used [0x00000000fc500000,0x00000000fc500000,0x00000000fe280000)
 ParOldGen       total 229376K, used 89707K [0x00000000a0000000, 0x00000000ae000000, 0x00000000e0000000)
  object space 229376K, 39% used [0x00000000a0000000,0x00000000a579ad00,0x00000000ae000000)
 Metaspace       used 78550K, capacity 81728K, committed 81880K, reserved 1120256K
  class space    used 10219K, capacity 10916K, committed 11008K, reserved 1048576K
Event: 93.711 GC heap after
Heap after GC invocations=37 (full 4):
 PSYoungGen      total 494080K, used 10768K [0x00000000e0000000, 0x0000000100000000, 0x0000000100000000)
  eden space 463872K, 0% used [0x00000000e0000000,0x00000000e0000000,0x00000000fc500000)
  from space 30208K, 35% used [0x00000000fc500000,0x00000000fcf84010,0x00000000fe280000)
  to   space 28672K, 0% used [0x00000000fe400000,0x00000000fe400000,0x0000000100000000)
 ParOldGen       total 229376K, used 89707K [0x00000000a0000000, 0x00000000ae000000, 0x00000000e0000000)
  object space 229376K, 39% used [0x00000000a0000000,0x00000000a579ad00,0x00000000ae000000)
 Metaspace       used 78550K, capacity 81728K, committed 81880K, reserved 1120256K
  class space    used 10219K, capacity 10916K, committed 11008K, reserved 1048576K
}
Event: 235.380 GC heap before
{Heap before GC invocations=38 (full 4):
 PSYoungGen      total 494080K, used 474640K [0x00000000e0000000, 0x0000000100000000, 0x0000000100000000)
  eden space 463872K, 100% used [0x00000000e0000000,0x00000000fc500000,0x00000000fc500000)
  from space 30208K, 35% used [0x00000000fc500000,0x00000000fcf84010,0x00000000fe280000)
  to   space 28672K, 0% used [0x00000000fe400000,0x00000000fe400000,0x0000000100000000)
 ParOldGen       total 229376K, used 89707K [0x00000000a0000000, 0x00000000ae000000, 0x00000000e0000000)
  object space 229376K, 39% used [0x00000000a0000000,0x00000000a579ad00,0x00000000ae000000)
 Metaspace       used 83782K, capacity 87696K, committed 87896K, reserved 1126400K
  class space    used 11032K, capacity 11867K, committed 11904K, reserved 1048576K
Event: 235.403 GC heap after
Heap after GC invocations=38 (full 4):
 PSYoungGen      total 492544K, used 20751K [0x00000000e0000000, 0x0000000100000000, 0x0000000100000000)
  eden space 463872K, 0% used [0x00000000e0000000,0x00000000e0000000,0x00000000fc500000)
  from space 28672K, 72% used [0x00000000fe400000,0x00000000ff843ce8,0x0000000100000000)
  to   space 30208K, 0% used [0x00000000fc500000,0x00000000fc500000,0x00000000fe280000)
 ParOldGen       total 229376K, used 89715K [0x00000000a0000000, 0x00000000ae000000, 0x00000000e0000000)
  object space 229376K, 39% used [0x00000000a0000000,0x00000000a579cd00,0x00000000ae000000)
 Metaspace       used 83782K, capacity 87696K, committed 87896K, reserved 1126400K
  class space    used 11032K, capacity 11867K, committed 11904K, reserved 1048576K
}

